2022-09-26 18:00:52,707:INFO:Array is ,: [10, 20, 10, 5, 15]
2022-09-26 18:00:52,707:INFO:Elemental componnents are : 30
2022-09-26 18:00:52,707:INFO:Updated Array is  : [10, 30, 10, 5, 15]
2022-09-26 18:00:52,707:INFO:Elemental componnents are : 40
2022-09-26 18:00:52,709:INFO:Updated Array is  : [10, 30, 40, 5, 15]
2022-09-26 18:00:52,709:INFO:Elemental componnents are : 45
2022-09-26 18:00:52,709:INFO:Updated Array is  : [10, 30, 40, 45, 15]
2022-09-26 18:00:52,709:INFO:Elemental componnents are : 60
2022-09-26 18:00:52,709:INFO:Updated Array is  : [10, 30, 40, 45, 60]
2022-09-26 18:00:52,709:INFO:Final Array is ,: [10, 30, 40, 45, 60]
2022-09-26 18:00:52,709:INFO:Array is ,: [3, 1, 2, 10, 1]
2022-09-26 18:00:52,709:INFO:Elemental componnents are : 4
2022-09-26 18:00:52,709:INFO:Updated Array is  : [3, 4, 2, 10, 1]
2022-09-26 18:00:52,709:INFO:Elemental componnents are : 6
2022-09-26 18:00:52,709:INFO:Updated Array is  : [3, 4, 6, 10, 1]
2022-09-26 18:00:52,709:INFO:Elemental componnents are : 16
2022-09-26 18:00:52,709:INFO:Updated Array is  : [3, 4, 6, 16, 1]
2022-09-26 18:00:52,709:INFO:Elemental componnents are : 17
2022-09-26 18:00:52,709:INFO:Updated Array is  : [3, 4, 6, 16, 17]
2022-09-26 18:00:52,709:INFO:Final Array is ,: [3, 4, 6, 16, 17]
2022-09-26 18:00:52,709:INFO:Array is ,: [1, 2, 3, 4]
2022-09-26 18:00:52,709:INFO:Elemental componnents are : 3
2022-09-26 18:00:52,710:INFO:Updated Array is  : [1, 3, 3, 4]
2022-09-26 18:00:52,710:INFO:Elemental componnents are : 6
2022-09-26 18:00:52,710:INFO:Updated Array is  : [1, 3, 6, 4]
2022-09-26 18:00:52,710:INFO:Elemental componnents are : 10
2022-09-26 18:00:52,710:INFO:Updated Array is  : [1, 3, 6, 10]
2022-09-26 18:00:52,710:INFO:Final Array is ,: [1, 3, 6, 10]
2022-09-26 18:00:52,710:INFO:Array is ,: [1, 1, 1, 1, 1]
2022-09-26 18:00:52,710:INFO:Elemental componnents are : 2
2022-09-26 18:00:52,710:INFO:Updated Array is  : [1, 2, 1, 1, 1]
2022-09-26 18:00:52,710:INFO:Elemental componnents are : 3
2022-09-26 18:00:52,710:INFO:Updated Array is  : [1, 2, 3, 1, 1]
2022-09-26 18:00:52,710:INFO:Elemental componnents are : 4
2022-09-26 18:00:52,710:INFO:Updated Array is  : [1, 2, 3, 4, 1]
2022-09-26 18:00:52,710:INFO:Elemental componnents are : 5
2022-09-26 18:00:52,711:INFO:Updated Array is  : [1, 2, 3, 4, 5]
2022-09-26 18:00:52,711:INFO:Final Array is ,: [1, 2, 3, 4, 5]
